<?xml version="1.0" encoding="UTF-8"?>
<testsuite xmlns:xsi="http://www.w3.org/2001/XMLSchema-instance" xsi:noNamespaceSchemaLocation="https://maven.apache.org/surefire/maven-surefire-plugin/xsd/surefire-test-report.xsd" name="com.qa.quotation.apitest.runner.TestRunner" time="7.88" tests="4" errors="0" skipped="0" failures="2">
  <properties>
[...]
</properties>
  <testcase name="Given Create a new member using the POST request" classname="Scenario: Verify as a admin i can Create and verify the member" time="0.001"/>
  <testcase name="When Create a new quote for the member using POST request" classname="Scenario: Verify as a admin i can Create and verify the member" time="0"/>
  <testcase name="And Verify the the existing member" classname="Scenario: Verify as a admin i can Create and verify the member" time="0.005">
    <failure message="1 expectation failed.&#10;Expected status code &lt;200&gt; but was &lt;400&gt;.&#10;" type="java.lang.AssertionError"><![CDATA[java.lang.AssertionError: 
1 expectation failed.
Expected status code <200> but was <400>.

]]></failure>
    <system-out><![CDATA[Request method:	GET
Request URI:	https://qanat-quotes-public.staging.zopa.com/api/member?memberId=27472705-3d6a-47b8-aa8e-1aeefbe10870
Proxy:			<none>
Request params:	<none>
Query params:	memberId=27472705-3d6a-47b8-aa8e-1aeefbe10870
Form params:	<none>
Path params:	<none>
Headers:		Accept=*/*
				Content-Type=application/json; charset=UTF-8
Cookies:		<none>
Multiparts:		<none>
Body:			<none>
]]></system-out>
  </testcase>
  <testcase name="Scenario: Verify as a admin i can Create and verify the member" classname="Scenario: Verify as a admin i can Create and verify the member" time="0.005">
    <failure message="1 expectation failed.&#10;Expected status code &lt;200&gt; but was &lt;400&gt;.&#10;" type="java.lang.AssertionError"><![CDATA[java.lang.AssertionError: 
1 expectation failed.
Expected status code <200> but was <400>.

]]></failure>
  </testcase>
</testsuite>