<?xml version="1.0" encoding="UTF-8"?>
<testsuite xmlns:xsi="http://www.w3.org/2001/XMLSchema-instance" xsi:noNamespaceSchemaLocation="https://maven.apache.org/surefire/maven-surefire-plugin/xsd/surefire-test-report.xsd" name="com.pet.store.apitest.runner.TestRunner" time="4.434" tests="5" errors="0" skipped="1" failures="2">
  <properties>
[...]
</properties>
  <testcase name="Given create Post request to add a new pet to the store" classname="Scenario: Verify as a admin of the store i can add , update  and remove a pet record" time="0.002"/>
  <testcase name="When pet was created verify the data" classname="Scenario: Verify as a admin of the store i can add , update  and remove a pet record" time="0"/>
  <testcase name="And they can update the pet information using the PUT request and verify the updated information in response" classname="Scenario: Verify as a admin of the store i can add , update  and remove a pet record" time="0.007">
    <failure message="1 expectation failed.&#10;Expected status code &lt;200&gt; but was &lt;404&gt;.&#10;" type="java.lang.AssertionError"><![CDATA[java.lang.AssertionError: 
1 expectation failed.
Expected status code <200> but was <404>.

]]></failure>
    <system-out><![CDATA[Request method:	PUT
Request URI:	https://petstore3.swagger.io/api/v3/pet
Proxy:			<none>
Request params:	<none>
Query params:	<none>
Form params:	<none>
Path params:	<none>
Headers:		Accept=*/*
				Content-Type=application/json; charset=UTF-8
Cookies:		<none>
Multiparts:		<none>
Body:
{
    "id": "10",
    "name": "doggies",
    "category": {
        "id": 1,
        "name": "NewDogs"
    },
    "photoUrls": [
        "string"
    ],
    "tags": [
        {
            "id": 0,
            "name": "string"
        }
    ],
    "status": "available"
}
]]></system-out>
  </testcase>
  <testcase name="Scenario: Verify as a admin of the store i can add , update  and remove a pet record" classname="Scenario: Verify as a admin of the store i can add , update  and remove a pet record" time="0.008">
    <failure message="1 expectation failed.&#10;Expected status code &lt;200&gt; but was &lt;404&gt;.&#10;" type="java.lang.AssertionError"><![CDATA[java.lang.AssertionError: 
1 expectation failed.
Expected status code <200> but was <404>.

]]></failure>
  </testcase>
  <testcase name="Then can delete the pet using DELETE request and verify the pet is deleted successfully" classname="Scenario: Verify as a admin of the store i can add , update  and remove a pet record" time="0">
    <skipped/>
  </testcase>
</testsuite>